Mono path[0] = 'C:/Users/jaeyo/Desktop/all stuff/Coding/Unity/Maze Sim/Ml-agent-with-gym/Build/Ml-agent-with-gym_Data/Managed'
Mono config path = 'C:/Users/jaeyo/Desktop/all stuff/Coding/Unity/Maze Sim/Ml-agent-with-gym/Build/MonoBleedingEdge/etc'
Initialize engine version: 2020.3.10f1 (297d780c91bc)
[Subsystems] Discovering subsystems at path C:/Users/jaeyo/Desktop/all stuff/Coding/Unity/Maze Sim/Ml-agent-with-gym/Build/Ml-agent-with-gym_Data/UnitySubsystems
GfxDevice: creating device client; threaded=1
Direct3D:
    Version:  Direct3D 11.0 [level 11.1]
    Renderer: NVIDIA GeForce GTX 1660 Ti with Max-Q Design (ID=0x2191)
    Vendor:   
    VRAM:     5991 MB
    Driver:   30.0.14.7111
Begin MonoManager ReloadAssembly
- Completed reload, in  0.114 seconds
D3D11 device created for Microsoft Media Foundation video decoding.
<RI> Initializing input.
<RI> Input initialized.
<RI> Initialized touch support.
UnloadTime: 0.578000 ms
Fallback handler could not load library C:/Users/jaeyo/Desktop/all stuff/Coding/Unity/Maze Sim/Ml-agent-with-gym/Build/Ml-agent-with-gym_Data/Mono/libcoreclr.so
Fallback handler could not load library C:/Users/jaeyo/Desktop/all stuff/Coding/Unity/Maze Sim/Ml-agent-with-gym/Build/Ml-agent-with-gym_Data/Mono/libcoreclr.so.dll
Fallback handler could not load library C:/Users/jaeyo/Desktop/all stuff/Coding/Unity/Maze Sim/Ml-agent-with-gym/Build/Ml-agent-with-gym_Data/Mono/libcoreclr.so
Fallback handler could not load library C:/Users/jaeyo/Desktop/all stuff/Coding/Unity/Maze Sim/Ml-agent-with-gym/Build/Ml-agent-with-gym_Data/Mono/libdl.so
Fallback handler could not load library C:/Users/jaeyo/Desktop/all stuff/Coding/Unity/Maze Sim/Ml-agent-with-gym/Build/Ml-agent-with-gym_Data/Mono/libdl.so.dll
Fallback handler could not load library C:/Users/jaeyo/Desktop/all stuff/Coding/Unity/Maze Sim/Ml-agent-with-gym/Build/Ml-agent-with-gym_Data/Mono/libdl.so
Fallback handler could not load library C:/Users/jaeyo/Desktop/all stuff/Coding/Unity/Maze Sim/Ml-agent-with-gym/Build/Ml-agent-with-gym_Data/Mono/libSystem.dylib
Fallback handler could not load library C:/Users/jaeyo/Desktop/all stuff/Coding/Unity/Maze Sim/Ml-agent-with-gym/Build/Ml-agent-with-gym_Data/Mono/libSystem.dylib.dll
Fallback handler could not load library C:/Users/jaeyo/Desktop/all stuff/Coding/Unity/Maze Sim/Ml-agent-with-gym/Build/Ml-agent-with-gym_Data/Mono/libSystem.dylib
Fallback handler could not load library C:/Users/jaeyo/Desktop/all stuff/Coding/Unity/Maze Sim/Ml-agent-with-gym/Build/Ml-agent-with-gym_Data/Mono/libcoreclr.so
Fallback handler could not load library C:/Users/jaeyo/Desktop/all stuff/Coding/Unity/Maze Sim/Ml-agent-with-gym/Build/Ml-agent-with-gym_Data/Mono/libcoreclr.so.dll
Fallback handler could not load library C:/Users/jaeyo/Desktop/all stuff/Coding/Unity/Maze Sim/Ml-agent-with-gym/Build/Ml-agent-with-gym_Data/Mono/libcoreclr.so
Fallback handler could not load library C:/Users/jaeyo/Desktop/all stuff/Coding/Unity/Maze Sim/Ml-agent-with-gym/Build/Ml-agent-with-gym_Data/Mono/libdl.so
Fallback handler could not load library C:/Users/jaeyo/Desktop/all stuff/Coding/Unity/Maze Sim/Ml-agent-with-gym/Build/Ml-agent-with-gym_Data/Mono/libdl.so.dll
Fallback handler could not load library C:/Users/jaeyo/Desktop/all stuff/Coding/Unity/Maze Sim/Ml-agent-with-gym/Build/Ml-agent-with-gym_Data/Mono/libdl.so
Fallback handler could not load library C:/Users/jaeyo/Desktop/all stuff/Coding/Unity/Maze Sim/Ml-agent-with-gym/Build/Ml-agent-with-gym_Data/Mono/libSystem.dylib
Fallback handler could not load library C:/Users/jaeyo/Desktop/all stuff/Coding/Unity/Maze Sim/Ml-agent-with-gym/Build/Ml-agent-with-gym_Data/Mono/libSystem.dylib.dll
Fallback handler could not load library C:/Users/jaeyo/Desktop/all stuff/Coding/Unity/Maze Sim/Ml-agent-with-gym/Build/Ml-agent-with-gym_Data/Mono/libSystem.dylib
GRPC Exception: Status(StatusCode=Unknown, Detail="Stream removed"). Disconnecting from trainer.

Unable to save timers to file C:/Users/jaeyo/Desktop/all stuff/Coding/Unity/Maze Sim/Ml-agent-with-gym/Build/Ml-agent-with-gym_Data\ML-Agents\Timers\SampleScene_timers.json

Setting up 8 worker threads for Enlighten.
  Thread -> id: 5224 -> priority: 1 
  Thread -> id: 3588 -> priority: 1 
  Thread -> id: 8884 -> priority: 1 
  Thread -> id: 2fb4 -> priority: 1 
  Thread -> id: ebc -> priority: 1 
  Thread -> id: 6c54 -> priority: 1 
  Thread -> id: 26cc -> priority: 1 
  Thread -> id: 8474 -> priority: 1 
